<?xml version="1.0" encoding="UTF-8"?><testrun name="Runner" project="Cgupy" tests="1" started="1" failures="0" errors="1" ignored="0">
  <testsuite name="Runner.Runner" time="4.198">
    <testsuite name="Feature: Test Selenium com webdriver" time="4.198">
      <testcase name="Test login open webdriver and command with selenium" classname="Test Selenium com webdriver" time="4.198">
        <error>org.openqa.selenium.SessionNotCreatedException: session not created: This version of ChromeDriver only supports Chrome version 78
Build info: version: '3.141.59', revision: 'e82be7d358', time: '2018-11-14T08:25:53'
System info: host: 'DESKTOP-OJ0DV0V', ip: '192.168.0.105', os.name: 'Windows 10', os.arch: 'amd64', os.version: '10.0', java.version: '10.0.1'
Driver info: driver.version: ChromeDriver
remote stacktrace: Backtrace:
	Ordinal0 [0x0022AA43+1550915]
	Ordinal0 [0x001AA901+1026305]
	Ordinal0 [0x0012C915+510229]
	Ordinal0 [0x000BFC68+64616]
	Ordinal0 [0x000BC594+50580]
	Ordinal0 [0x000DACE7+175335]
	Ordinal0 [0x000DA8ED+174317]
	Ordinal0 [0x000D8CDB+167131]
	Ordinal0 [0x000C144A+70730]
	Ordinal0 [0x000C24D0+74960]
	Ordinal0 [0x000C2469+74857]
	Ordinal0 [0x001C44C7+1131719]
	GetHandleVerifier [0x002C722D+523773]
	GetHandleVerifier [0x002C6FC0+523152]
	GetHandleVerifier [0x002CE317+552679]
	GetHandleVerifier [0x002C7A2A+525818]
	Ordinal0 [0x001BB9FC+1096188]
	Ordinal0 [0x001C653B+1140027]
	Ordinal0 [0x001C66A3+1140387]
	Ordinal0 [0x001C5625+1136165]
	BaseThreadInitThunk [0x768D8494+36]
	RtlAreBitsSet [0x77CC41C8+136]
	RtlAreBitsSet [0x77CC4198+88]
	(No symbol) [0x00000000]
&#13;
	at java.base/jdk.internal.reflect.NativeConstructorAccessorImpl.newInstance0(Native Method)&#13;
	at java.base/jdk.internal.reflect.NativeConstructorAccessorImpl.newInstance(Unknown Source)&#13;
	at java.base/jdk.internal.reflect.DelegatingConstructorAccessorImpl.newInstance(Unknown Source)&#13;
	at java.base/java.lang.reflect.Constructor.newInstance(Unknown Source)&#13;
	at org.openqa.selenium.remote.W3CHandshakeResponse.lambda$errorHandler$0(W3CHandshakeResponse.java:62)&#13;
	at org.openqa.selenium.remote.HandshakeResponse.lambda$getResponseFunction$0(HandshakeResponse.java:30)&#13;
	at org.openqa.selenium.remote.ProtocolHandshake.lambda$createSession$0(ProtocolHandshake.java:126)&#13;
	at java.base/java.util.stream.ReferencePipeline$3$1.accept(Unknown Source)&#13;
	at java.base/java.util.Spliterators$ArraySpliterator.tryAdvance(Unknown Source)&#13;
	at java.base/java.util.stream.ReferencePipeline.forEachWithCancel(Unknown Source)&#13;
	at java.base/java.util.stream.AbstractPipeline.copyIntoWithCancel(Unknown Source)&#13;
	at java.base/java.util.stream.AbstractPipeline.copyInto(Unknown Source)&#13;
	at java.base/java.util.stream.AbstractPipeline.wrapAndCopyInto(Unknown Source)&#13;
	at java.base/java.util.stream.FindOps$FindOp.evaluateSequential(Unknown Source)&#13;
	at java.base/java.util.stream.AbstractPipeline.evaluate(Unknown Source)&#13;
	at java.base/java.util.stream.ReferencePipeline.findFirst(Unknown Source)&#13;
	at org.openqa.selenium.remote.ProtocolHandshake.createSession(ProtocolHandshake.java:128)&#13;
	at org.openqa.selenium.remote.ProtocolHandshake.createSession(ProtocolHandshake.java:74)&#13;
	at org.openqa.selenium.remote.HttpCommandExecutor.execute(HttpCommandExecutor.java:136)&#13;
	at org.openqa.selenium.remote.service.DriverCommandExecutor.execute(DriverCommandExecutor.java:83)&#13;
	at org.openqa.selenium.remote.RemoteWebDriver.execute(RemoteWebDriver.java:552)&#13;
	at org.openqa.selenium.remote.RemoteWebDriver.startSession(RemoteWebDriver.java:213)&#13;
	at org.openqa.selenium.remote.RemoteWebDriver.&lt;init&gt;(RemoteWebDriver.java:131)&#13;
	at org.openqa.selenium.chrome.ChromeDriver.&lt;init&gt;(ChromeDriver.java:181)&#13;
	at org.openqa.selenium.chrome.ChromeDriver.&lt;init&gt;(ChromeDriver.java:168)&#13;
	at org.openqa.selenium.chrome.ChromeDriver.&lt;init&gt;(ChromeDriver.java:123)&#13;
	at Step.GupyTest.a_chrome(GupyTest.java:20)&#13;
	at âœ½.a chrome(features/Test.feature:4)&#13;
&#13;
</error>
      </testcase>
    </testsuite>
  </testsuite>
</testrun>
